2013/06/19 15:16:22 [error] [exception.CException] exception 'CException' with message 'Property "LoginForm.username" is not defined.' in D:\wamp\www\yii\framework\base\CComponent.php:130
Stack trace:
#0 D:\wamp\www\yii\framework\web\helpers\CHtml.php(2255): CComponent->__get('username')
#1 D:\wamp\www\yii\framework\web\helpers\CHtml.php(1980): CHtml::resolveValue(Object(LoginForm), 'username')
#2 D:\wamp\www\yii\framework\web\helpers\CHtml.php(1257): CHtml::activeInputField('text', Object(LoginForm), 'username', Array)
#3 D:\wamp\www\yii\framework\web\widgets\CActiveForm.php(657): CHtml::activeTextField(Object(LoginForm), 'username', Array)
#4 D:\wamp\www\hotels\protected\views\site\login.php(29): CActiveForm->textField(Object(LoginForm), 'username')
#5 D:\wamp\www\yii\framework\web\CBaseController.php(126): require('D:\wamp\www\hot...')
#6 D:\wamp\www\yii\framework\web\CBaseController.php(95): CBaseController->renderInternal('D:\wamp\www\hot...', Array, true)
#7 D:\wamp\www\yii\framework\web\CController.php(869): CBaseController->renderFile('D:\wamp\www\hot...', Array, true)
#8 D:\wamp\www\yii\framework\web\CController.php(782): CController->renderPartial('login', Array, true)
#9 D:\wamp\www\hotels\protected\controllers\SiteController.php(98): CController->render('login', Array)
#10 D:\wamp\www\yii\framework\web\actions\CInlineAction.php(49): SiteController->actionLogin()
#11 D:\wamp\www\yii\framework\web\CController.php(308): CInlineAction->runWithParams(Array)
#12 D:\wamp\www\yii\framework\web\CController.php(286): CController->runAction(Object(CInlineAction))
#13 D:\wamp\www\yii\framework\web\CController.php(265): CController->runActionWithFilters(Object(CInlineAction), Array)
#14 D:\wamp\www\yii\framework\web\CWebApplication.php(282): CController->run('login')
#15 D:\wamp\www\yii\framework\web\CWebApplication.php(141): CWebApplication->runController('site/login')
#16 D:\wamp\www\yii\framework\base\CApplication.php(169): CWebApplication->processRequest()
#17 D:\wamp\www\hotels\index.php(13): CApplication->run()
#18 {main}
REQUEST_URI=/hotels/index.php?r=site/login
HTTP_REFERER=http://localhost/hotels/
---
2013/06/19 16:10:04 [error] [php] include(Footer.php) [<a href='function.include'>function.include</a>]: failed to open stream: No such file or directory (D:\wamp\www\yii\framework\YiiBase.php:421)
Stack trace:
#0 D:\wamp\www\yii\framework\web\CWidgetFactory.php(146): import()
#1 D:\wamp\www\yii\framework\web\CBaseController.php(146): CWidgetFactory->createWidget()
#2 D:\wamp\www\yii\framework\web\CBaseController.php(172): SiteController->createWidget()
#3 D:\wamp\www\hotels\protected\views\layouts\home.php(270): SiteController->widget()
#4 D:\wamp\www\yii\framework\web\CBaseController.php(126): require()
#5 D:\wamp\www\yii\framework\web\CBaseController.php(95): SiteController->renderInternal()
#6 D:\wamp\www\yii\framework\web\CController.php(784): SiteController->renderFile()
#7 D:\wamp\www\hotels\protected\controllers\SiteController.php(33): SiteController->render()
#8 D:\wamp\www\yii\framework\web\actions\CInlineAction.php(49): SiteController->actionIndex()
#9 D:\wamp\www\yii\framework\web\CController.php(308): CInlineAction->runWithParams()
#10 D:\wamp\www\yii\framework\web\CController.php(286): SiteController->runAction()
#11 D:\wamp\www\yii\framework\web\CController.php(265): SiteController->runActionWithFilters()
#12 D:\wamp\www\yii\framework\web\CWebApplication.php(282): SiteController->run()
#13 D:\wamp\www\yii\framework\web\CWebApplication.php(141): CWebApplication->runController()
#14 D:\wamp\www\yii\framework\base\CApplication.php(169): CWebApplication->processRequest()
#15 D:\wamp\www\hotels\index.php(13): CWebApplication->run()
REQUEST_URI=/hotels/
in D:\wamp\www\hotels\protected\views\layouts\home.php (270)
in D:\wamp\www\hotels\protected\controllers\SiteController.php (33)
in D:\wamp\www\hotels\index.php (13)
2013/06/19 16:26:49 [error] [php] include(search.php) [<a href='function.include'>function.include</a>]: failed to open stream: No such file or directory (D:\wamp\www\yii\framework\YiiBase.php:421)
Stack trace:
#0 D:\wamp\www\yii\framework\web\CWidgetFactory.php(146): import()
#1 D:\wamp\www\yii\framework\web\CBaseController.php(146): CWidgetFactory->createWidget()
#2 D:\wamp\www\yii\framework\web\CBaseController.php(172): Header->createWidget()
#3 D:\wamp\www\hotels\protected\components\views\Header.php(2): Header->widget()
#4 D:\wamp\www\yii\framework\web\CBaseController.php(130): require()
#5 D:\wamp\www\yii\framework\web\CBaseController.php(95): Header->renderInternal()
#6 D:\wamp\www\yii\framework\web\widgets\CWidget.php(243): Header->renderFile()
#7 D:\wamp\www\hotels\protected\components\Header.php(10): Header->render()
#8 D:\wamp\www\yii\framework\zii\widgets\CPortlet.php(94): Header->renderContent()
#9 D:\wamp\www\yii\framework\web\CBaseController.php(173): Header->run()
#10 D:\wamp\www\hotels\protected\views\layouts\home.php(34): SiteController->widget()
#11 D:\wamp\www\yii\framework\web\CBaseController.php(126): require()
#12 D:\wamp\www\yii\framework\web\CBaseController.php(95): SiteController->renderInternal()
#13 D:\wamp\www\yii\framework\web\CController.php(784): SiteController->renderFile()
#14 D:\wamp\www\hotels\protected\controllers\SiteController.php(33): SiteController->render()
#15 D:\wamp\www\yii\framework\web\actions\CInlineAction.php(49): SiteController->actionIndex()
#16 D:\wamp\www\yii\framework\web\CController.php(308): CInlineAction->runWithParams()
#17 D:\wamp\www\yii\framework\web\CController.php(286): SiteController->runAction()
#18 D:\wamp\www\yii\framework\web\CController.php(265): SiteController->runActionWithFilters()
#19 D:\wamp\www\yii\framework\web\CWebApplication.php(282): SiteController->run()
#20 D:\wamp\www\yii\framework\web\CWebApplication.php(141): CWebApplication->runController()
#21 D:\wamp\www\yii\framework\base\CApplication.php(169): CWebApplication->processRequest()
#22 D:\wamp\www\hotels\index.php(13): CWebApplication->run()
REQUEST_URI=/hotels/
in D:\wamp\www\hotels\protected\components\views\Header.php (2)
in D:\wamp\www\hotels\protected\components\Header.php (10)
in D:\wamp\www\hotels\protected\views\layouts\home.php (34)
2013/06/19 16:59:10 [error] [exception.CHttpException.404] exception 'CHttpException' with message 'The system is unable to find the requested action "hotels".' in D:\wamp\www\yii\framework\web\CController.php:483
Stack trace:
#0 D:\wamp\www\yii\framework\web\CController.php(270): CController->missingAction('')
#1 D:\wamp\www\yii\framework\web\CWebApplication.php(282): CController->run('')
#2 D:\wamp\www\yii\framework\web\CWebApplication.php(141): CWebApplication->runController('')
#3 D:\wamp\www\yii\framework\base\CApplication.php(169): CWebApplication->processRequest()
#4 D:\wamp\www\hotels\index.php(13): CApplication->run()
#5 {main}
REQUEST_URI=/hotels/
---
2013/06/19 18:25:53 [error] [exception.CHttpException.404] exception 'CHttpException' with message 'Unable to resolve the request "gii".' in D:\wamp\www\yii\framework\web\CWebApplication.php:286
Stack trace:
#0 D:\wamp\www\yii\framework\web\CWebApplication.php(141): CWebApplication->runController('gii')
#1 D:\wamp\www\yii\framework\base\CApplication.php(169): CWebApplication->processRequest()
#2 D:\wamp\www\hotels\index.php(13): CApplication->run()
#3 {main}
REQUEST_URI=/hotels/?r=gii
---
2013/06/20 08:28:05 [error] [php] Undefined index: hotels (D:\wamp\www\hotels\protected\controllers\HotelsController.php:72)
Stack trace:
#0 D:\wamp\www\yii\framework\web\filters\CFilterChain.php(133): HotelsController->runAction()
#1 D:\wamp\www\yii\framework\web\filters\CFilter.php(40): CFilterChain->run()
#2 D:\wamp\www\yii\framework\web\CController.php(1145): CAccessControlFilter->filter()
#3 D:\wamp\www\yii\framework\web\filters\CInlineFilter.php(58): HotelsController->filterAccessControl()
#4 D:\wamp\www\yii\framework\web\filters\CFilterChain.php(130): CInlineFilter->filter()
#5 D:\wamp\www\yii\framework\web\CController.php(291): CFilterChain->run()
#6 D:\wamp\www\yii\framework\web\CController.php(265): HotelsController->runActionWithFilters()
#7 D:\wamp\www\yii\framework\web\CWebApplication.php(282): HotelsController->run()
#8 D:\wamp\www\yii\framework\web\CWebApplication.php(141): CWebApplication->runController()
#9 D:\wamp\www\yii\framework\base\CApplication.php(169): CWebApplication->processRequest()
#10 D:\wamp\www\hotels\index.php(13): CWebApplication->run()
REQUEST_URI=/hotels/?r=hotels/create
in D:\wamp\www\hotels\protected\controllers\HotelsController.php (72)
in D:\wamp\www\hotels\index.php (13)
2013/06/20 08:31:13 [error] [php] Undefined index: Hotels (D:\wamp\www\hotels\protected\controllers\HotelsController.php:72)
Stack trace:
#0 D:\wamp\www\yii\framework\web\filters\CFilterChain.php(133): HotelsController->runAction()
#1 D:\wamp\www\yii\framework\web\filters\CFilter.php(40): CFilterChain->run()
#2 D:\wamp\www\yii\framework\web\CController.php(1145): CAccessControlFilter->filter()
#3 D:\wamp\www\yii\framework\web\filters\CInlineFilter.php(58): HotelsController->filterAccessControl()
#4 D:\wamp\www\yii\framework\web\filters\CFilterChain.php(130): CInlineFilter->filter()
#5 D:\wamp\www\yii\framework\web\CController.php(291): CFilterChain->run()
#6 D:\wamp\www\yii\framework\web\CController.php(265): HotelsController->runActionWithFilters()
#7 D:\wamp\www\yii\framework\web\CWebApplication.php(282): HotelsController->run()
#8 D:\wamp\www\yii\framework\web\CWebApplication.php(141): CWebApplication->runController()
#9 D:\wamp\www\yii\framework\base\CApplication.php(169): CWebApplication->processRequest()
#10 D:\wamp\www\hotels\index.php(13): CWebApplication->run()
REQUEST_URI=/hotels/?r=hotels/create
in D:\wamp\www\hotels\protected\controllers\HotelsController.php (72)
in D:\wamp\www\hotels\index.php (13)
2013/06/20 08:33:23 [error] [php] Undefined index: avtar (D:\wamp\www\hotels\protected\controllers\HotelsController.php:72)
Stack trace:
#0 D:\wamp\www\yii\framework\web\filters\CFilterChain.php(133): HotelsController->runAction()
#1 D:\wamp\www\yii\framework\web\filters\CFilter.php(40): CFilterChain->run()
#2 D:\wamp\www\yii\framework\web\CController.php(1145): CAccessControlFilter->filter()
#3 D:\wamp\www\yii\framework\web\filters\CInlineFilter.php(58): HotelsController->filterAccessControl()
#4 D:\wamp\www\yii\framework\web\filters\CFilterChain.php(130): CInlineFilter->filter()
#5 D:\wamp\www\yii\framework\web\CController.php(291): CFilterChain->run()
#6 D:\wamp\www\yii\framework\web\CController.php(265): HotelsController->runActionWithFilters()
#7 D:\wamp\www\yii\framework\web\CWebApplication.php(282): HotelsController->run()
#8 D:\wamp\www\yii\framework\web\CWebApplication.php(141): CWebApplication->runController()
#9 D:\wamp\www\yii\framework\base\CApplication.php(169): CWebApplication->processRequest()
#10 D:\wamp\www\hotels\index.php(13): CWebApplication->run()
REQUEST_URI=/hotels/?r=hotels/create
in D:\wamp\www\hotels\protected\controllers\HotelsController.php (72)
in D:\wamp\www\hotels\index.php (13)
2013/06/20 08:33:33 [error] [exception.CException] exception 'CException' with message 'Property "Hotels.avtar" is not defined.' in D:\wamp\www\yii\framework\base\CComponent.php:173
Stack trace:
#0 D:\wamp\www\yii\framework\db\ar\CActiveRecord.php(159): CComponent->__set('avtar', NULL)
#1 D:\wamp\www\hotels\protected\controllers\HotelsController.php(74): CActiveRecord->__set('avtar', NULL)
#2 D:\wamp\www\yii\framework\web\actions\CInlineAction.php(49): HotelsController->actionCreate()
#3 D:\wamp\www\yii\framework\web\CController.php(308): CInlineAction->runWithParams(Array)
#4 D:\wamp\www\yii\framework\web\filters\CFilterChain.php(133): CController->runAction(Object(CInlineAction))
#5 D:\wamp\www\yii\framework\web\filters\CFilter.php(40): CFilterChain->run()
#6 D:\wamp\www\yii\framework\web\CController.php(1145): CFilter->filter(Object(CFilterChain))
#7 D:\wamp\www\yii\framework\web\filters\CInlineFilter.php(58): CController->filterAccessControl(Object(CFilterChain))
#8 D:\wamp\www\yii\framework\web\filters\CFilterChain.php(130): CInlineFilter->filter(Object(CFilterChain))
#9 D:\wamp\www\yii\framework\web\CController.php(291): CFilterChain->run()
#10 D:\wamp\www\yii\framework\web\CController.php(265): CController->runActionWithFilters(Object(CInlineAction), Array)
#11 D:\wamp\www\yii\framework\web\CWebApplication.php(282): CController->run('create')
#12 D:\wamp\www\yii\framework\web\CWebApplication.php(141): CWebApplication->runController('hotels/create')
#13 D:\wamp\www\yii\framework\base\CApplication.php(169): CWebApplication->processRequest()
#14 D:\wamp\www\hotels\index.php(13): CApplication->run()
#15 {main}
REQUEST_URI=/hotels/?r=hotels/create
HTTP_REFERER=http://localhost/hotels/?r=hotels/create
---
2013/06/20 08:39:24 [error] [php] Undefined index: UserDetails (D:\wamp\www\hotels\protected\controllers\HotelsController.php:80)
Stack trace:
#0 D:\wamp\www\yii\framework\web\filters\CFilterChain.php(133): HotelsController->runAction()
#1 D:\wamp\www\yii\framework\web\filters\CFilter.php(40): CFilterChain->run()
#2 D:\wamp\www\yii\framework\web\CController.php(1145): CAccessControlFilter->filter()
#3 D:\wamp\www\yii\framework\web\filters\CInlineFilter.php(58): HotelsController->filterAccessControl()
#4 D:\wamp\www\yii\framework\web\filters\CFilterChain.php(130): CInlineFilter->filter()
#5 D:\wamp\www\yii\framework\web\CController.php(291): CFilterChain->run()
#6 D:\wamp\www\yii\framework\web\CController.php(265): HotelsController->runActionWithFilters()
#7 D:\wamp\www\yii\framework\web\CWebApplication.php(282): HotelsController->run()
#8 D:\wamp\www\yii\framework\web\CWebApplication.php(141): CWebApplication->runController()
#9 D:\wamp\www\yii\framework\base\CApplication.php(169): CWebApplication->processRequest()
#10 D:\wamp\www\hotels\index.php(13): CWebApplication->run()
REQUEST_URI=/hotels/?r=hotels/create
in D:\wamp\www\hotels\protected\controllers\HotelsController.php (80)
in D:\wamp\www\hotels\index.php (13)
2013/06/20 08:39:55 [error] [php] copy(avatar/thumb/_16.JPG) [<a href='function.copy'>function.copy</a>]: failed to open stream: No such file or directory (D:\wamp\www\hotels\protected\controllers\HotelsController.php:84)
Stack trace:
#0 D:\wamp\www\yii\framework\web\CController.php(308): CInlineAction->runWithParams()
#1 D:\wamp\www\yii\framework\web\filters\CFilterChain.php(133): HotelsController->runAction()
#2 D:\wamp\www\yii\framework\web\filters\CFilter.php(40): CFilterChain->run()
#3 D:\wamp\www\yii\framework\web\CController.php(1145): CAccessControlFilter->filter()
#4 D:\wamp\www\yii\framework\web\filters\CInlineFilter.php(58): HotelsController->filterAccessControl()
#5 D:\wamp\www\yii\framework\web\filters\CFilterChain.php(130): CInlineFilter->filter()
#6 D:\wamp\www\yii\framework\web\CController.php(291): CFilterChain->run()
#7 D:\wamp\www\yii\framework\web\CController.php(265): HotelsController->runActionWithFilters()
#8 D:\wamp\www\yii\framework\web\CWebApplication.php(282): HotelsController->run()
#9 D:\wamp\www\yii\framework\web\CWebApplication.php(141): CWebApplication->runController()
#10 D:\wamp\www\yii\framework\base\CApplication.php(169): CWebApplication->processRequest()
#11 D:\wamp\www\hotels\index.php(13): CWebApplication->run()
REQUEST_URI=/hotels/?r=hotels/create
in D:\wamp\www\hotels\protected\controllers\HotelsController.php (84)
in D:\wamp\www\hotels\index.php (13)
2013/06/20 08:40:18 [error] [exception.CException] exception 'CException' with message 'Property "CWebApplication.image" is not defined.' in D:\wamp\www\yii\framework\base\CComponent.php:130
Stack trace:
#0 D:\wamp\www\yii\framework\base\CModule.php(105): CComponent->__get('image')
#1 D:\wamp\www\hotels\protected\controllers\HotelsController.php(86): CModule->__get('image')
#2 D:\wamp\www\yii\framework\web\actions\CInlineAction.php(49): HotelsController->actionCreate()
#3 D:\wamp\www\yii\framework\web\CController.php(308): CInlineAction->runWithParams(Array)
#4 D:\wamp\www\yii\framework\web\filters\CFilterChain.php(133): CController->runAction(Object(CInlineAction))
#5 D:\wamp\www\yii\framework\web\filters\CFilter.php(40): CFilterChain->run()
#6 D:\wamp\www\yii\framework\web\CController.php(1145): CFilter->filter(Object(CFilterChain))
#7 D:\wamp\www\yii\framework\web\filters\CInlineFilter.php(58): CController->filterAccessControl(Object(CFilterChain))
#8 D:\wamp\www\yii\framework\web\filters\CFilterChain.php(130): CInlineFilter->filter(Object(CFilterChain))
#9 D:\wamp\www\yii\framework\web\CController.php(291): CFilterChain->run()
#10 D:\wamp\www\yii\framework\web\CController.php(265): CController->runActionWithFilters(Object(CInlineAction), Array)
#11 D:\wamp\www\yii\framework\web\CWebApplication.php(282): CController->run('create')
#12 D:\wamp\www\yii\framework\web\CWebApplication.php(141): CWebApplication->runController('hotels/create')
#13 D:\wamp\www\yii\framework\base\CApplication.php(169): CWebApplication->processRequest()
#14 D:\wamp\www\hotels\index.php(13): CApplication->run()
#15 {main}
REQUEST_URI=/hotels/?r=hotels/create
HTTP_REFERER=http://localhost/hotels/?r=hotels/create
---
2013/06/20 08:40:45 [error] [exception.CException] exception 'CException' with message 'Property "CWebApplication.image" is not defined.' in D:\wamp\www\yii\framework\base\CComponent.php:130
Stack trace:
#0 D:\wamp\www\yii\framework\base\CModule.php(105): CComponent->__get('image')
#1 D:\wamp\www\hotels\protected\controllers\HotelsController.php(86): CModule->__get('image')
#2 D:\wamp\www\yii\framework\web\actions\CInlineAction.php(49): HotelsController->actionCreate()
#3 D:\wamp\www\yii\framework\web\CController.php(308): CInlineAction->runWithParams(Array)
#4 D:\wamp\www\yii\framework\web\filters\CFilterChain.php(133): CController->runAction(Object(CInlineAction))
#5 D:\wamp\www\yii\framework\web\filters\CFilter.php(40): CFilterChain->run()
#6 D:\wamp\www\yii\framework\web\CController.php(1145): CFilter->filter(Object(CFilterChain))
#7 D:\wamp\www\yii\framework\web\filters\CInlineFilter.php(58): CController->filterAccessControl(Object(CFilterChain))
#8 D:\wamp\www\yii\framework\web\filters\CFilterChain.php(130): CInlineFilter->filter(Object(CFilterChain))
#9 D:\wamp\www\yii\framework\web\CController.php(291): CFilterChain->run()
#10 D:\wamp\www\yii\framework\web\CController.php(265): CController->runActionWithFilters(Object(CInlineAction), Array)
#11 D:\wamp\www\yii\framework\web\CWebApplication.php(282): CController->run('create')
#12 D:\wamp\www\yii\framework\web\CWebApplication.php(141): CWebApplication->runController('hotels/create')
#13 D:\wamp\www\yii\framework\base\CApplication.php(169): CWebApplication->processRequest()
#14 D:\wamp\www\hotels\index.php(13): CApplication->run()
#15 {main}
REQUEST_URI=/hotels/?r=hotels/create
HTTP_REFERER=http://localhost/hotels/?r=hotels/create
---
2013/06/20 08:59:20 [error] [exception.CHttpException.404] exception 'CHttpException' with message 'The system is unable to find the requested action "ceate".' in D:\wamp\www\yii\framework\web\CController.php:483
Stack trace:
#0 D:\wamp\www\yii\framework\web\CController.php(270): CController->missingAction('ceate')
#1 D:\wamp\www\yii\framework\web\CWebApplication.php(282): CController->run('ceate')
#2 D:\wamp\www\yii\framework\web\CWebApplication.php(141): CWebApplication->runController('hotels/ceate')
#3 D:\wamp\www\yii\framework\base\CApplication.php(169): CWebApplication->processRequest()
#4 D:\wamp\www\hotels\index.php(13): CApplication->run()
#5 {main}
REQUEST_URI=/hotels/?r=hotels/ceate
---
2013/06/20 09:21:09 [error] [exception.CException] exception 'CException' with message 'Hotels and its behaviors do not have a method or closure named "searchHotels".' in D:\wamp\www\yii\framework\base\CComponent.php:265
Stack trace:
#0 D:\wamp\www\yii\framework\db\ar\CActiveRecord.php(225): CComponent->__call('searchHotels', Array)
#1 D:\wamp\www\hotels\protected\views\site\hotels.php(2): CActiveRecord->__call('searchHotels', Array)
#2 D:\wamp\www\hotels\protected\views\site\hotels.php(2): Hotels->searchHotels()
#3 D:\wamp\www\yii\framework\web\CBaseController.php(126): require('D:\wamp\www\hot...')
#4 D:\wamp\www\yii\framework\web\CBaseController.php(95): CBaseController->renderInternal('D:\wamp\www\hot...', Array, true)
#5 D:\wamp\www\yii\framework\web\CController.php(869): CBaseController->renderFile('D:\wamp\www\hot...', Array, true)
#6 D:\wamp\www\yii\framework\web\CController.php(782): CController->renderPartial('hotels', Array, true)
#7 D:\wamp\www\hotels\protected\controllers\SiteController.php(127): CController->render('hotels', Array)
#8 D:\wamp\www\yii\framework\web\actions\CInlineAction.php(49): SiteController->actionhotels()
#9 D:\wamp\www\yii\framework\web\CController.php(308): CInlineAction->runWithParams(Array)
#10 D:\wamp\www\yii\framework\web\CController.php(286): CController->runAction(Object(CInlineAction))
#11 D:\wamp\www\yii\framework\web\CController.php(265): CController->runActionWithFilters(Object(CInlineAction), Array)
#12 D:\wamp\www\yii\framework\web\CWebApplication.php(282): CController->run('')
#13 D:\wamp\www\yii\framework\web\CWebApplication.php(141): CWebApplication->runController('')
#14 D:\wamp\www\yii\framework\base\CApplication.php(169): CWebApplication->processRequest()
#15 D:\wamp\www\hotels\index.php(13): CApplication->run()
#16 {main}
REQUEST_URI=/hotels/
---
2013/06/20 09:25:45 [error] [exception.CException] exception 'CException' with message 'Hotels and its behaviors do not have a method or closure named "getData".' in D:\wamp\www\yii\framework\base\CComponent.php:265
Stack trace:
#0 D:\wamp\www\yii\framework\db\ar\CActiveRecord.php(225): CComponent->__call('getData', Array)
#1 D:\wamp\www\yii\framework\zii\widgets\CBaseListView.php(107): CActiveRecord->__call('getData', Array)
#2 D:\wamp\www\yii\framework\zii\widgets\CBaseListView.php(107): Hotels->getData()
#3 D:\wamp\www\yii\framework\zii\widgets\CListView.php(203): CBaseListView->init()
#4 D:\wamp\www\hotels\protected\extensions\isotope\Isotope.php(62): CListView->init()
#5 D:\wamp\www\yii\framework\web\CBaseController.php(147): Isotope->init()
#6 D:\wamp\www\yii\framework\web\CBaseController.php(172): CBaseController->createWidget('ext.isotope.Iso...', Array)
#7 D:\wamp\www\hotels\protected\views\site\hotels.php(16): CBaseController->widget('ext.isotope.Iso...', Array)
#8 D:\wamp\www\yii\framework\web\CBaseController.php(126): require('D:\wamp\www\hot...')
#9 D:\wamp\www\yii\framework\web\CBaseController.php(95): CBaseController->renderInternal('D:\wamp\www\hot...', Array, true)
#10 D:\wamp\www\yii\framework\web\CController.php(869): CBaseController->renderFile('D:\wamp\www\hot...', Array, true)
#11 D:\wamp\www\yii\framework\web\CController.php(782): CController->renderPartial('hotels', Array, true)
#12 D:\wamp\www\hotels\protected\controllers\SiteController.php(127): CController->render('hotels', Array)
#13 D:\wamp\www\yii\framework\web\actions\CInlineAction.php(49): SiteController->actionhotels()
#14 D:\wamp\www\yii\framework\web\CController.php(308): CInlineAction->runWithParams(Array)
#15 D:\wamp\www\yii\framework\web\CController.php(286): CController->runAction(Object(CInlineAction))
#16 D:\wamp\www\yii\framework\web\CController.php(265): CController->runActionWithFilters(Object(CInlineAction), Array)
#17 D:\wamp\www\yii\framework\web\CWebApplication.php(282): CController->run('')
#18 D:\wamp\www\yii\framework\web\CWebApplication.php(141): CWebApplication->runController('')
#19 D:\wamp\www\yii\framework\base\CApplication.php(169): CWebApplication->processRequest()
#20 D:\wamp\www\hotels\index.php(13): CApplication->run()
#21 {main}
REQUEST_URI=/hotels/
---
2013/06/20 09:26:10 [error] [exception.CException] exception 'CException' with message 'Hotels and its behaviors do not have a method or closure named "getData".' in D:\wamp\www\yii\framework\base\CComponent.php:265
Stack trace:
#0 D:\wamp\www\yii\framework\db\ar\CActiveRecord.php(225): CComponent->__call('getData', Array)
#1 D:\wamp\www\yii\framework\zii\widgets\CBaseListView.php(107): CActiveRecord->__call('getData', Array)
#2 D:\wamp\www\yii\framework\zii\widgets\CBaseListView.php(107): Hotels->getData()
#3 D:\wamp\www\yii\framework\zii\widgets\CListView.php(203): CBaseListView->init()
#4 D:\wamp\www\hotels\protected\extensions\isotope\Isotope.php(62): CListView->init()
#5 D:\wamp\www\yii\framework\web\CBaseController.php(147): Isotope->init()
#6 D:\wamp\www\yii\framework\web\CBaseController.php(172): CBaseController->createWidget('ext.isotope.Iso...', Array)
#7 D:\wamp\www\hotels\protected\views\site\hotels.php(16): CBaseController->widget('ext.isotope.Iso...', Array)
#8 D:\wamp\www\yii\framework\web\CBaseController.php(126): require('D:\wamp\www\hot...')
#9 D:\wamp\www\yii\framework\web\CBaseController.php(95): CBaseController->renderInternal('D:\wamp\www\hot...', Array, true)
#10 D:\wamp\www\yii\framework\web\CController.php(869): CBaseController->renderFile('D:\wamp\www\hot...', Array, true)
#11 D:\wamp\www\yii\framework\web\CController.php(782): CController->renderPartial('hotels', Array, true)
#12 D:\wamp\www\hotels\protected\controllers\SiteController.php(127): CController->render('hotels', Array)
#13 D:\wamp\www\yii\framework\web\actions\CInlineAction.php(49): SiteController->actionhotels()
#14 D:\wamp\www\yii\framework\web\CController.php(308): CInlineAction->runWithParams(Array)
#15 D:\wamp\www\yii\framework\web\CController.php(286): CController->runAction(Object(CInlineAction))
#16 D:\wamp\www\yii\framework\web\CController.php(265): CController->runActionWithFilters(Object(CInlineAction), Array)
#17 D:\wamp\www\yii\framework\web\CWebApplication.php(282): CController->run('')
#18 D:\wamp\www\yii\framework\web\CWebApplication.php(141): CWebApplication->runController('')
#19 D:\wamp\www\yii\framework\base\CApplication.php(169): CWebApplication->processRequest()
#20 D:\wamp\www\hotels\index.php(13): CApplication->run()
#21 {main}
REQUEST_URI=/hotels/
---
2013/06/20 09:26:24 [error] [php] Undefined variable: dataProvider (D:\wamp\www\hotels\protected\views\site\hotels.php:2)
Stack trace:
#0 D:\wamp\www\yii\framework\web\CController.php(869): SiteController->renderFile()
#1 D:\wamp\www\yii\framework\web\CController.php(782): SiteController->renderPartial()
#2 D:\wamp\www\hotels\protected\controllers\SiteController.php(127): SiteController->render()
#3 D:\wamp\www\yii\framework\web\actions\CInlineAction.php(49): SiteController->actionhotels()
#4 D:\wamp\www\yii\framework\web\CController.php(308): CInlineAction->runWithParams()
#5 D:\wamp\www\yii\framework\web\CController.php(286): SiteController->runAction()
#6 D:\wamp\www\yii\framework\web\CController.php(265): SiteController->runActionWithFilters()
#7 D:\wamp\www\yii\framework\web\CWebApplication.php(282): SiteController->run()
#8 D:\wamp\www\yii\framework\web\CWebApplication.php(141): CWebApplication->runController()
#9 D:\wamp\www\yii\framework\base\CApplication.php(169): CWebApplication->processRequest()
#10 D:\wamp\www\hotels\index.php(13): CWebApplication->run()
REQUEST_URI=/hotels/
in D:\wamp\www\hotels\protected\views\site\hotels.php (2)
in D:\wamp\www\hotels\protected\controllers\SiteController.php (127)
in D:\wamp\www\hotels\index.php (13)
2013/06/20 09:26:28 [error] [php] Undefined variable: data (D:\wamp\www\hotels\protected\views\site\hotels.php:2)
Stack trace:
#0 D:\wamp\www\yii\framework\web\CController.php(869): SiteController->renderFile()
#1 D:\wamp\www\yii\framework\web\CController.php(782): SiteController->renderPartial()
#2 D:\wamp\www\hotels\protected\controllers\SiteController.php(127): SiteController->render()
#3 D:\wamp\www\yii\framework\web\actions\CInlineAction.php(49): SiteController->actionhotels()
#4 D:\wamp\www\yii\framework\web\CController.php(308): CInlineAction->runWithParams()
#5 D:\wamp\www\yii\framework\web\CController.php(286): SiteController->runAction()
#6 D:\wamp\www\yii\framework\web\CController.php(265): SiteController->runActionWithFilters()
#7 D:\wamp\www\yii\framework\web\CWebApplication.php(282): SiteController->run()
#8 D:\wamp\www\yii\framework\web\CWebApplication.php(141): CWebApplication->runController()
#9 D:\wamp\www\yii\framework\base\CApplication.php(169): CWebApplication->processRequest()
#10 D:\wamp\www\hotels\index.php(13): CWebApplication->run()
REQUEST_URI=/hotels/
in D:\wamp\www\hotels\protected\views\site\hotels.php (2)
in D:\wamp\www\hotels\protected\controllers\SiteController.php (127)
in D:\wamp\www\hotels\index.php (13)
2013/06/20 09:26:34 [error] [exception.CException] exception 'CException' with message 'Property "Hotels.search" is not defined.' in D:\wamp\www\yii\framework\base\CComponent.php:130
Stack trace:
#0 D:\wamp\www\yii\framework\db\ar\CActiveRecord.php(143): CComponent->__get('search')
#1 D:\wamp\www\hotels\protected\views\site\hotels.php(2): CActiveRecord->__get('search')
#2 D:\wamp\www\yii\framework\web\CBaseController.php(126): require('D:\wamp\www\hot...')
#3 D:\wamp\www\yii\framework\web\CBaseController.php(95): CBaseController->renderInternal('D:\wamp\www\hot...', Array, true)
#4 D:\wamp\www\yii\framework\web\CController.php(869): CBaseController->renderFile('D:\wamp\www\hot...', Array, true)
#5 D:\wamp\www\yii\framework\web\CController.php(782): CController->renderPartial('hotels', Array, true)
#6 D:\wamp\www\hotels\protected\controllers\SiteController.php(127): CController->render('hotels', Array)
#7 D:\wamp\www\yii\framework\web\actions\CInlineAction.php(49): SiteController->actionhotels()
#8 D:\wamp\www\yii\framework\web\CController.php(308): CInlineAction->runWithParams(Array)
#9 D:\wamp\www\yii\framework\web\CController.php(286): CController->runAction(Object(CInlineAction))
#10 D:\wamp\www\yii\framework\web\CController.php(265): CController->runActionWithFilters(Object(CInlineAction), Array)
#11 D:\wamp\www\yii\framework\web\CWebApplication.php(282): CController->run('')
#12 D:\wamp\www\yii\framework\web\CWebApplication.php(141): CWebApplication->runController('')
#13 D:\wamp\www\yii\framework\base\CApplication.php(169): CWebApplication->processRequest()
#14 D:\wamp\www\hotels\index.php(13): CApplication->run()
#15 {main}
REQUEST_URI=/hotels/
---
2013/06/20 09:56:55 [error] [php] Undefined index: Hotels (D:\wamp\www\hotels\protected\controllers\HotelsController.php:73)
Stack trace:
#0 D:\wamp\www\yii\framework\web\filters\CFilterChain.php(133): HotelsController->runAction()
#1 D:\wamp\www\yii\framework\web\filters\CFilter.php(40): CFilterChain->run()
#2 D:\wamp\www\yii\framework\web\CController.php(1145): CAccessControlFilter->filter()
#3 D:\wamp\www\yii\framework\web\filters\CInlineFilter.php(58): HotelsController->filterAccessControl()
#4 D:\wamp\www\yii\framework\web\filters\CFilterChain.php(130): CInlineFilter->filter()
#5 D:\wamp\www\yii\framework\web\CController.php(291): CFilterChain->run()
#6 D:\wamp\www\yii\framework\web\CController.php(265): HotelsController->runActionWithFilters()
#7 D:\wamp\www\yii\framework\web\CWebApplication.php(282): HotelsController->run()
#8 D:\wamp\www\yii\framework\web\CWebApplication.php(141): CWebApplication->runController()
#9 D:\wamp\www\yii\framework\base\CApplication.php(169): CWebApplication->processRequest()
#10 D:\wamp\www\hotels\index.php(13): CWebApplication->run()
REQUEST_URI=/hotels/?r=hotels/create
in D:\wamp\www\hotels\protected\controllers\HotelsController.php (73)
in D:\wamp\www\hotels\index.php (13)
2013/06/20 09:57:07 [error] [php] Undefined index: Hotels (D:\wamp\www\hotels\protected\controllers\HotelsController.php:73)
Stack trace:
#0 D:\wamp\www\yii\framework\web\filters\CFilterChain.php(133): HotelsController->runAction()
#1 D:\wamp\www\yii\framework\web\filters\CFilter.php(40): CFilterChain->run()
#2 D:\wamp\www\yii\framework\web\CController.php(1145): CAccessControlFilter->filter()
#3 D:\wamp\www\yii\framework\web\filters\CInlineFilter.php(58): HotelsController->filterAccessControl()
#4 D:\wamp\www\yii\framework\web\filters\CFilterChain.php(130): CInlineFilter->filter()
#5 D:\wamp\www\yii\framework\web\CController.php(291): CFilterChain->run()
#6 D:\wamp\www\yii\framework\web\CController.php(265): HotelsController->runActionWithFilters()
#7 D:\wamp\www\yii\framework\web\CWebApplication.php(282): HotelsController->run()
#8 D:\wamp\www\yii\framework\web\CWebApplication.php(141): CWebApplication->runController()
#9 D:\wamp\www\yii\framework\base\CApplication.php(169): CWebApplication->processRequest()
#10 D:\wamp\www\hotels\index.php(13): CWebApplication->run()
REQUEST_URI=/hotels/?r=hotels/create
in D:\wamp\www\hotels\protected\controllers\HotelsController.php (73)
in D:\wamp\www\hotels\index.php (13)
2013/06/20 09:57:08 [error] [php] Undefined index: Hotels (D:\wamp\www\hotels\protected\controllers\HotelsController.php:73)
Stack trace:
#0 D:\wamp\www\yii\framework\web\filters\CFilterChain.php(133): HotelsController->runAction()
#1 D:\wamp\www\yii\framework\web\filters\CFilter.php(40): CFilterChain->run()
#2 D:\wamp\www\yii\framework\web\CController.php(1145): CAccessControlFilter->filter()
#3 D:\wamp\www\yii\framework\web\filters\CInlineFilter.php(58): HotelsController->filterAccessControl()
#4 D:\wamp\www\yii\framework\web\filters\CFilterChain.php(130): CInlineFilter->filter()
#5 D:\wamp\www\yii\framework\web\CController.php(291): CFilterChain->run()
#6 D:\wamp\www\yii\framework\web\CController.php(265): HotelsController->runActionWithFilters()
#7 D:\wamp\www\yii\framework\web\CWebApplication.php(282): HotelsController->run()
#8 D:\wamp\www\yii\framework\web\CWebApplication.php(141): CWebApplication->runController()
#9 D:\wamp\www\yii\framework\base\CApplication.php(169): CWebApplication->processRequest()
#10 D:\wamp\www\hotels\index.php(13): CWebApplication->run()
REQUEST_URI=/hotels/?r=hotels/create
in D:\wamp\www\hotels\protected\controllers\HotelsController.php (73)
in D:\wamp\www\hotels\index.php (13)
2013/06/20 09:57:44 [error] [php] Undefined index: Hotels (D:\wamp\www\hotels\protected\controllers\HotelsController.php:73)
Stack trace:
#0 D:\wamp\www\yii\framework\web\filters\CFilterChain.php(133): HotelsController->runAction()
#1 D:\wamp\www\yii\framework\web\filters\CFilter.php(40): CFilterChain->run()
#2 D:\wamp\www\yii\framework\web\CController.php(1145): CAccessControlFilter->filter()
#3 D:\wamp\www\yii\framework\web\filters\CInlineFilter.php(58): HotelsController->filterAccessControl()
#4 D:\wamp\www\yii\framework\web\filters\CFilterChain.php(130): CInlineFilter->filter()
#5 D:\wamp\www\yii\framework\web\CController.php(291): CFilterChain->run()
#6 D:\wamp\www\yii\framework\web\CController.php(265): HotelsController->runActionWithFilters()
#7 D:\wamp\www\yii\framework\web\CWebApplication.php(282): HotelsController->run()
#8 D:\wamp\www\yii\framework\web\CWebApplication.php(141): CWebApplication->runController()
#9 D:\wamp\www\yii\framework\base\CApplication.php(169): CWebApplication->processRequest()
#10 D:\wamp\www\hotels\index.php(13): CWebApplication->run()
REQUEST_URI=/hotels/?r=hotels/create
in D:\wamp\www\hotels\protected\controllers\HotelsController.php (73)
in D:\wamp\www\hotels\index.php (13)
2013/06/20 09:57:48 [error] [php] Undefined index: Hotels (D:\wamp\www\hotels\protected\controllers\HotelsController.php:73)
Stack trace:
#0 D:\wamp\www\yii\framework\web\filters\CFilterChain.php(133): HotelsController->runAction()
#1 D:\wamp\www\yii\framework\web\filters\CFilter.php(40): CFilterChain->run()
#2 D:\wamp\www\yii\framework\web\CController.php(1145): CAccessControlFilter->filter()
#3 D:\wamp\www\yii\framework\web\filters\CInlineFilter.php(58): HotelsController->filterAccessControl()
#4 D:\wamp\www\yii\framework\web\filters\CFilterChain.php(130): CInlineFilter->filter()
#5 D:\wamp\www\yii\framework\web\CController.php(291): CFilterChain->run()
#6 D:\wamp\www\yii\framework\web\CController.php(265): HotelsController->runActionWithFilters()
#7 D:\wamp\www\yii\framework\web\CWebApplication.php(282): HotelsController->run()
#8 D:\wamp\www\yii\framework\web\CWebApplication.php(141): CWebApplication->runController()
#9 D:\wamp\www\yii\framework\base\CApplication.php(169): CWebApplication->processRequest()
#10 D:\wamp\www\hotels\index.php(13): CWebApplication->run()
REQUEST_URI=/hotels/?r=hotels/create
in D:\wamp\www\hotels\protected\controllers\HotelsController.php (73)
in D:\wamp\www\hotels\index.php (13)
2013/06/20 09:57:50 [error] [php] Undefined index: Hotels (D:\wamp\www\hotels\protected\controllers\HotelsController.php:73)
Stack trace:
#0 D:\wamp\www\yii\framework\web\filters\CFilterChain.php(133): HotelsController->runAction()
#1 D:\wamp\www\yii\framework\web\filters\CFilter.php(40): CFilterChain->run()
#2 D:\wamp\www\yii\framework\web\CController.php(1145): CAccessControlFilter->filter()
#3 D:\wamp\www\yii\framework\web\filters\CInlineFilter.php(58): HotelsController->filterAccessControl()
#4 D:\wamp\www\yii\framework\web\filters\CFilterChain.php(130): CInlineFilter->filter()
#5 D:\wamp\www\yii\framework\web\CController.php(291): CFilterChain->run()
#6 D:\wamp\www\yii\framework\web\CController.php(265): HotelsController->runActionWithFilters()
#7 D:\wamp\www\yii\framework\web\CWebApplication.php(282): HotelsController->run()
#8 D:\wamp\www\yii\framework\web\CWebApplication.php(141): CWebApplication->runController()
#9 D:\wamp\www\yii\framework\base\CApplication.php(169): CWebApplication->processRequest()
#10 D:\wamp\www\hotels\index.php(13): CWebApplication->run()
REQUEST_URI=/hotels/?r=hotels/create
in D:\wamp\www\hotels\protected\controllers\HotelsController.php (73)
in D:\wamp\www\hotels\index.php (13)
2013/06/20 09:57:55 [error] [php] Undefined index: Hotels (D:\wamp\www\hotels\protected\controllers\HotelsController.php:73)
Stack trace:
#0 D:\wamp\www\yii\framework\web\filters\CFilterChain.php(133): HotelsController->runAction()
#1 D:\wamp\www\yii\framework\web\filters\CFilter.php(40): CFilterChain->run()
#2 D:\wamp\www\yii\framework\web\CController.php(1145): CAccessControlFilter->filter()
#3 D:\wamp\www\yii\framework\web\filters\CInlineFilter.php(58): HotelsController->filterAccessControl()
#4 D:\wamp\www\yii\framework\web\filters\CFilterChain.php(130): CInlineFilter->filter()
#5 D:\wamp\www\yii\framework\web\CController.php(291): CFilterChain->run()
#6 D:\wamp\www\yii\framework\web\CController.php(265): HotelsController->runActionWithFilters()
#7 D:\wamp\www\yii\framework\web\CWebApplication.php(282): HotelsController->run()
#8 D:\wamp\www\yii\framework\web\CWebApplication.php(141): CWebApplication->runController()
#9 D:\wamp\www\yii\framework\base\CApplication.php(169): CWebApplication->processRequest()
#10 D:\wamp\www\hotels\index.php(13): CWebApplication->run()
REQUEST_URI=/hotels/?r=hotels/create
in D:\wamp\www\hotels\protected\controllers\HotelsController.php (73)
in D:\wamp\www\hotels\index.php (13)
2013/06/20 09:57:58 [error] [php] Undefined index: Hotels (D:\wamp\www\hotels\protected\controllers\HotelsController.php:73)
Stack trace:
#0 D:\wamp\www\yii\framework\web\filters\CFilterChain.php(133): HotelsController->runAction()
#1 D:\wamp\www\yii\framework\web\filters\CFilter.php(40): CFilterChain->run()
#2 D:\wamp\www\yii\framework\web\CController.php(1145): CAccessControlFilter->filter()
#3 D:\wamp\www\yii\framework\web\filters\CInlineFilter.php(58): HotelsController->filterAccessControl()
#4 D:\wamp\www\yii\framework\web\filters\CFilterChain.php(130): CInlineFilter->filter()
#5 D:\wamp\www\yii\framework\web\CController.php(291): CFilterChain->run()
#6 D:\wamp\www\yii\framework\web\CController.php(265): HotelsController->runActionWithFilters()
#7 D:\wamp\www\yii\framework\web\CWebApplication.php(282): HotelsController->run()
#8 D:\wamp\www\yii\framework\web\CWebApplication.php(141): CWebApplication->runController()
#9 D:\wamp\www\yii\framework\base\CApplication.php(169): CWebApplication->processRequest()
#10 D:\wamp\www\hotels\index.php(13): CWebApplication->run()
REQUEST_URI=/hotels/?r=hotels/create
in D:\wamp\www\hotels\protected\controllers\HotelsController.php (73)
in D:\wamp\www\hotels\index.php (13)
2013/06/20 09:58:02 [error] [php] Undefined index: Hotels (D:\wamp\www\hotels\protected\controllers\HotelsController.php:73)
Stack trace:
#0 D:\wamp\www\yii\framework\web\filters\CFilterChain.php(133): HotelsController->runAction()
#1 D:\wamp\www\yii\framework\web\filters\CFilter.php(40): CFilterChain->run()
#2 D:\wamp\www\yii\framework\web\CController.php(1145): CAccessControlFilter->filter()
#3 D:\wamp\www\yii\framework\web\filters\CInlineFilter.php(58): HotelsController->filterAccessControl()
#4 D:\wamp\www\yii\framework\web\filters\CFilterChain.php(130): CInlineFilter->filter()
#5 D:\wamp\www\yii\framework\web\CController.php(291): CFilterChain->run()
#6 D:\wamp\www\yii\framework\web\CController.php(265): HotelsController->runActionWithFilters()
#7 D:\wamp\www\yii\framework\web\CWebApplication.php(282): HotelsController->run()
#8 D:\wamp\www\yii\framework\web\CWebApplication.php(141): CWebApplication->runController()
#9 D:\wamp\www\yii\framework\base\CApplication.php(169): CWebApplication->processRequest()
#10 D:\wamp\www\hotels\index.php(13): CWebApplication->run()
REQUEST_URI=/hotels/?r=hotels/create
in D:\wamp\www\hotels\protected\controllers\HotelsController.php (73)
in D:\wamp\www\hotels\index.php (13)
2013/06/20 09:58:03 [error] [php] Undefined index: Hotels (D:\wamp\www\hotels\protected\controllers\HotelsController.php:73)
Stack trace:
#0 D:\wamp\www\yii\framework\web\filters\CFilterChain.php(133): HotelsController->runAction()
#1 D:\wamp\www\yii\framework\web\filters\CFilter.php(40): CFilterChain->run()
#2 D:\wamp\www\yii\framework\web\CController.php(1145): CAccessControlFilter->filter()
#3 D:\wamp\www\yii\framework\web\filters\CInlineFilter.php(58): HotelsController->filterAccessControl()
#4 D:\wamp\www\yii\framework\web\filters\CFilterChain.php(130): CInlineFilter->filter()
#5 D:\wamp\www\yii\framework\web\CController.php(291): CFilterChain->run()
#6 D:\wamp\www\yii\framework\web\CController.php(265): HotelsController->runActionWithFilters()
#7 D:\wamp\www\yii\framework\web\CWebApplication.php(282): HotelsController->run()
#8 D:\wamp\www\yii\framework\web\CWebApplication.php(141): CWebApplication->runController()
#9 D:\wamp\www\yii\framework\base\CApplication.php(169): CWebApplication->processRequest()
#10 D:\wamp\www\hotels\index.php(13): CWebApplication->run()
REQUEST_URI=/hotels/?r=hotels/create
in D:\wamp\www\hotels\protected\controllers\HotelsController.php (73)
in D:\wamp\www\hotels\index.php (13)
2013/06/20 09:58:08 [error] [php] Undefined index: Hotels (D:\wamp\www\hotels\protected\controllers\HotelsController.php:73)
Stack trace:
#0 D:\wamp\www\yii\framework\web\filters\CFilterChain.php(133): HotelsController->runAction()
#1 D:\wamp\www\yii\framework\web\filters\CFilter.php(40): CFilterChain->run()
#2 D:\wamp\www\yii\framework\web\CController.php(1145): CAccessControlFilter->filter()
#3 D:\wamp\www\yii\framework\web\filters\CInlineFilter.php(58): HotelsController->filterAccessControl()
#4 D:\wamp\www\yii\framework\web\filters\CFilterChain.php(130): CInlineFilter->filter()
#5 D:\wamp\www\yii\framework\web\CController.php(291): CFilterChain->run()
#6 D:\wamp\www\yii\framework\web\CController.php(265): HotelsController->runActionWithFilters()
#7 D:\wamp\www\yii\framework\web\CWebApplication.php(282): HotelsController->run()
#8 D:\wamp\www\yii\framework\web\CWebApplication.php(141): CWebApplication->runController()
#9 D:\wamp\www\yii\framework\base\CApplication.php(169): CWebApplication->processRequest()
#10 D:\wamp\www\hotels\index.php(13): CWebApplication->run()
REQUEST_URI=/hotels/?r=hotels/create
in D:\wamp\www\hotels\protected\controllers\HotelsController.php (73)
in D:\wamp\www\hotels\index.php (13)
2013/06/20 11:10:48 [error] [exception.CException] exception 'CException' with message 'Property "Categories.name" is not defined.' in D:\wamp\www\yii\framework\base\CComponent.php:130
Stack trace:
#0 D:\wamp\www\yii\framework\db\ar\CActiveRecord.php(143): CComponent->__get('name')
#1 D:\wamp\www\hotels\protected\components\views\SearchPanel.php(6): CActiveRecord->__get('name')
#2 D:\wamp\www\yii\framework\web\CBaseController.php(130): require('D:\wamp\www\hot...')
#3 D:\wamp\www\yii\framework\web\CBaseController.php(95): CBaseController->renderInternal('D:\wamp\www\hot...', Array, false)
#4 D:\wamp\www\yii\framework\web\widgets\CWidget.php(243): CBaseController->renderFile('D:\wamp\www\hot...', Array, false)
#5 D:\wamp\www\hotels\protected\components\SearchPanel.php(11): CWidget->render('SearchPanel', Array)
#6 D:\wamp\www\yii\framework\zii\widgets\CPortlet.php(94): SearchPanel->renderContent()
#7 D:\wamp\www\yii\framework\web\CBaseController.php(173): CPortlet->run()
#8 D:\wamp\www\hotels\protected\views\layouts\home.php(35): CBaseController->widget('SearchPanel')
#9 D:\wamp\www\yii\framework\web\CBaseController.php(126): require('D:\wamp\www\hot...')
#10 D:\wamp\www\yii\framework\web\CBaseController.php(95): CBaseController->renderInternal('D:\wamp\www\hot...', Array, true)
#11 D:\wamp\www\yii\framework\web\CController.php(784): CBaseController->renderFile('D:\wamp\www\hot...', Array, true)
#12 D:\wamp\www\hotels\protected\controllers\SiteController.php(128): CController->render('hotels', Array)
#13 D:\wamp\www\yii\framework\web\actions\CInlineAction.php(49): SiteController->actionhotels()
#14 D:\wamp\www\yii\framework\web\CController.php(308): CInlineAction->runWithParams(Array)
#15 D:\wamp\www\yii\framework\web\CController.php(286): CController->runAction(Object(CInlineAction))
#16 D:\wamp\www\yii\framework\web\CController.php(265): CController->runActionWithFilters(Object(CInlineAction), Array)
#17 D:\wamp\www\yii\framework\web\CWebApplication.php(282): CController->run('')
#18 D:\wamp\www\yii\framework\web\CWebApplication.php(141): CWebApplication->runController('')
#19 D:\wamp\www\yii\framework\base\CApplication.php(169): CWebApplication->processRequest()
#20 D:\wamp\www\hotels\index.php(13): CApplication->run()
#21 {main}
REQUEST_URI=/hotels/
---
2013/06/20 11:12:10 [error] [php] Trying to get property of non-object (D:\wamp\www\hotels\protected\components\views\SearchPanel.php:6)
Stack trace:
#0 D:\wamp\www\yii\framework\web\widgets\CWidget.php(243): SearchPanel->renderFile()
#1 D:\wamp\www\hotels\protected\components\SearchPanel.php(11): SearchPanel->render()
#2 D:\wamp\www\yii\framework\zii\widgets\CPortlet.php(94): SearchPanel->renderContent()
#3 D:\wamp\www\yii\framework\web\CBaseController.php(173): SearchPanel->run()
#4 D:\wamp\www\hotels\protected\views\layouts\home.php(35): SiteController->widget()
#5 D:\wamp\www\yii\framework\web\CBaseController.php(126): require()
#6 D:\wamp\www\yii\framework\web\CBaseController.php(95): SiteController->renderInternal()
#7 D:\wamp\www\yii\framework\web\CController.php(784): SiteController->renderFile()
#8 D:\wamp\www\hotels\protected\controllers\SiteController.php(128): SiteController->render()
#9 D:\wamp\www\yii\framework\web\actions\CInlineAction.php(49): SiteController->actionhotels()
#10 D:\wamp\www\yii\framework\web\CController.php(308): CInlineAction->runWithParams()
#11 D:\wamp\www\yii\framework\web\CController.php(286): SiteController->runAction()
#12 D:\wamp\www\yii\framework\web\CController.php(265): SiteController->runActionWithFilters()
#13 D:\wamp\www\yii\framework\web\CWebApplication.php(282): SiteController->run()
#14 D:\wamp\www\yii\framework\web\CWebApplication.php(141): CWebApplication->runController()
#15 D:\wamp\www\yii\framework\base\CApplication.php(169): CWebApplication->processRequest()
#16 D:\wamp\www\hotels\index.php(13): CWebApplication->run()
REQUEST_URI=/hotels/
in D:\wamp\www\hotels\protected\components\views\SearchPanel.php (6)
in D:\wamp\www\hotels\protected\components\SearchPanel.php (11)
in D:\wamp\www\hotels\protected\views\layouts\home.php (35)
2013/06/20 11:12:36 [error] [php] Trying to get property of non-object (D:\wamp\www\hotels\protected\components\SearchPanel.php:12)
Stack trace:
#0 D:\wamp\www\hotels\protected\views\layouts\home.php(35): SiteController->widget()
#1 D:\wamp\www\yii\framework\web\CBaseController.php(126): require()
#2 D:\wamp\www\yii\framework\web\CBaseController.php(95): SiteController->renderInternal()
#3 D:\wamp\www\yii\framework\web\CController.php(784): SiteController->renderFile()
#4 D:\wamp\www\hotels\protected\controllers\SiteController.php(128): SiteController->render()
#5 D:\wamp\www\yii\framework\web\actions\CInlineAction.php(49): SiteController->actionhotels()
#6 D:\wamp\www\yii\framework\web\CController.php(308): CInlineAction->runWithParams()
#7 D:\wamp\www\yii\framework\web\CController.php(286): SiteController->runAction()
#8 D:\wamp\www\yii\framework\web\CController.php(265): SiteController->runActionWithFilters()
#9 D:\wamp\www\yii\framework\web\CWebApplication.php(282): SiteController->run()
#10 D:\wamp\www\yii\framework\web\CWebApplication.php(141): CWebApplication->runController()
#11 D:\wamp\www\yii\framework\base\CApplication.php(169): CWebApplication->processRequest()
#12 D:\wamp\www\hotels\index.php(13): CWebApplication->run()
REQUEST_URI=/hotels/
in D:\wamp\www\hotels\protected\components\SearchPanel.php (12)
in D:\wamp\www\hotels\protected\views\layouts\home.php (35)
in D:\wamp\www\hotels\protected\controllers\SiteController.php (128)
2013/06/20 11:12:47 [error] [php] Undefined index: title (D:\wamp\www\hotels\protected\components\SearchPanel.php:12)
Stack trace:
#0 D:\wamp\www\hotels\protected\views\layouts\home.php(35): SiteController->widget()
#1 D:\wamp\www\yii\framework\web\CBaseController.php(126): require()
#2 D:\wamp\www\yii\framework\web\CBaseController.php(95): SiteController->renderInternal()
#3 D:\wamp\www\yii\framework\web\CController.php(784): SiteController->renderFile()
#4 D:\wamp\www\hotels\protected\controllers\SiteController.php(128): SiteController->render()
#5 D:\wamp\www\yii\framework\web\actions\CInlineAction.php(49): SiteController->actionhotels()
#6 D:\wamp\www\yii\framework\web\CController.php(308): CInlineAction->runWithParams()
#7 D:\wamp\www\yii\framework\web\CController.php(286): SiteController->runAction()
#8 D:\wamp\www\yii\framework\web\CController.php(265): SiteController->runActionWithFilters()
#9 D:\wamp\www\yii\framework\web\CWebApplication.php(282): SiteController->run()
#10 D:\wamp\www\yii\framework\web\CWebApplication.php(141): CWebApplication->runController()
#11 D:\wamp\www\yii\framework\base\CApplication.php(169): CWebApplication->processRequest()
#12 D:\wamp\www\hotels\index.php(13): CWebApplication->run()
REQUEST_URI=/hotels/
in D:\wamp\www\hotels\protected\components\SearchPanel.php (12)
in D:\wamp\www\hotels\protected\views\layouts\home.php (35)
in D:\wamp\www\hotels\protected\controllers\SiteController.php (128)
2013/06/20 11:13:23 [error] [php] Trying to get property of non-object (D:\wamp\www\hotels\protected\components\views\SearchPanel.php:11)
Stack trace:
#0 D:\wamp\www\yii\framework\web\widgets\CWidget.php(243): SearchPanel->renderFile()
#1 D:\wamp\www\hotels\protected\components\SearchPanel.php(11): SearchPanel->render()
#2 D:\wamp\www\yii\framework\zii\widgets\CPortlet.php(94): SearchPanel->renderContent()
#3 D:\wamp\www\yii\framework\web\CBaseController.php(173): SearchPanel->run()
#4 D:\wamp\www\hotels\protected\views\layouts\home.php(35): SiteController->widget()
#5 D:\wamp\www\yii\framework\web\CBaseController.php(126): require()
#6 D:\wamp\www\yii\framework\web\CBaseController.php(95): SiteController->renderInternal()
#7 D:\wamp\www\yii\framework\web\CController.php(784): SiteController->renderFile()
#8 D:\wamp\www\hotels\protected\controllers\SiteController.php(128): SiteController->render()
#9 D:\wamp\www\yii\framework\web\actions\CInlineAction.php(49): SiteController->actionhotels()
#10 D:\wamp\www\yii\framework\web\CController.php(308): CInlineAction->runWithParams()
#11 D:\wamp\www\yii\framework\web\CController.php(286): SiteController->runAction()
#12 D:\wamp\www\yii\framework\web\CController.php(265): SiteController->runActionWithFilters()
#13 D:\wamp\www\yii\framework\web\CWebApplication.php(282): SiteController->run()
#14 D:\wamp\www\yii\framework\web\CWebApplication.php(141): CWebApplication->runController()
#15 D:\wamp\www\yii\framework\base\CApplication.php(169): CWebApplication->processRequest()
#16 D:\wamp\www\hotels\index.php(13): CWebApplication->run()
REQUEST_URI=/hotels/
in D:\wamp\www\hotels\protected\components\views\SearchPanel.php (11)
in D:\wamp\www\hotels\protected\components\SearchPanel.php (11)
in D:\wamp\www\hotels\protected\views\layouts\home.php (35)
2013/06/20 11:14:09 [error] [exception.CException] exception 'CException' with message 'SearchPanel and its behaviors do not have a method or closure named "form".' in D:\wamp\www\yii\framework\base\CComponent.php:265
Stack trace:
#0 D:\wamp\www\hotels\protected\components\views\SearchPanel.php(11): CComponent->__call('form', Array)
#1 D:\wamp\www\hotels\protected\components\views\SearchPanel.php(11): SearchPanel->form(Array, 'title')
#2 D:\wamp\www\yii\framework\web\CBaseController.php(130): require('D:\wamp\www\hot...')
#3 D:\wamp\www\yii\framework\web\CBaseController.php(95): CBaseController->renderInternal('D:\wamp\www\hot...', Array, false)
#4 D:\wamp\www\yii\framework\web\widgets\CWidget.php(243): CBaseController->renderFile('D:\wamp\www\hot...', Array, false)
#5 D:\wamp\www\hotels\protected\components\SearchPanel.php(11): CWidget->render('SearchPanel', Array)
#6 D:\wamp\www\yii\framework\zii\widgets\CPortlet.php(94): SearchPanel->renderContent()
#7 D:\wamp\www\yii\framework\web\CBaseController.php(173): CPortlet->run()
#8 D:\wamp\www\hotels\protected\views\layouts\home.php(35): CBaseController->widget('SearchPanel')
#9 D:\wamp\www\yii\framework\web\CBaseController.php(126): require('D:\wamp\www\hot...')
#10 D:\wamp\www\yii\framework\web\CBaseController.php(95): CBaseController->renderInternal('D:\wamp\www\hot...', Array, true)
#11 D:\wamp\www\yii\framework\web\CController.php(784): CBaseController->renderFile('D:\wamp\www\hot...', Array, true)
#12 D:\wamp\www\hotels\protected\controllers\SiteController.php(128): CController->render('hotels', Array)
#13 D:\wamp\www\yii\framework\web\actions\CInlineAction.php(49): SiteController->actionhotels()
#14 D:\wamp\www\yii\framework\web\CController.php(308): CInlineAction->runWithParams(Array)
#15 D:\wamp\www\yii\framework\web\CController.php(286): CController->runAction(Object(CInlineAction))
#16 D:\wamp\www\yii\framework\web\CController.php(265): CController->runActionWithFilters(Object(CInlineAction), Array)
#17 D:\wamp\www\yii\framework\web\CWebApplication.php(282): CController->run('')
#18 D:\wamp\www\yii\framework\web\CWebApplication.php(141): CWebApplication->runController('')
#19 D:\wamp\www\yii\framework\base\CApplication.php(169): CWebApplication->processRequest()
#20 D:\wamp\www\hotels\index.php(13): CApplication->run()
#21 {main}
REQUEST_URI=/hotels/
---
2013/06/20 11:15:00 [error] [php] get_class() expects parameter 1 to be object, array given (D:\wamp\www\yii\framework\web\helpers\CHtml.php:2220)
Stack trace:
#0 D:\wamp\www\yii\framework\web\widgets\CActiveForm.php(562): activeLabelEx()
#1 D:\wamp\www\hotels\protected\components\views\SearchPanel.php(11): CActiveForm->labelEx()
#2 D:\wamp\www\yii\framework\web\CBaseController.php(130): require()
#3 D:\wamp\www\yii\framework\web\CBaseController.php(95): SearchPanel->renderInternal()
#4 D:\wamp\www\yii\framework\web\widgets\CWidget.php(243): SearchPanel->renderFile()
#5 D:\wamp\www\hotels\protected\components\SearchPanel.php(11): SearchPanel->render()
#6 D:\wamp\www\yii\framework\zii\widgets\CPortlet.php(94): SearchPanel->renderContent()
#7 D:\wamp\www\yii\framework\web\CBaseController.php(173): SearchPanel->run()
#8 D:\wamp\www\hotels\protected\views\layouts\home.php(35): SiteController->widget()
#9 D:\wamp\www\yii\framework\web\CBaseController.php(126): require()
#10 D:\wamp\www\yii\framework\web\CBaseController.php(95): SiteController->renderInternal()
#11 D:\wamp\www\yii\framework\web\CController.php(784): SiteController->renderFile()
#12 D:\wamp\www\hotels\protected\controllers\SiteController.php(128): SiteController->render()
#13 D:\wamp\www\yii\framework\web\actions\CInlineAction.php(49): SiteController->actionhotels()
#14 D:\wamp\www\yii\framework\web\CController.php(308): CInlineAction->runWithParams()
#15 D:\wamp\www\yii\framework\web\CController.php(286): SiteController->runAction()
#16 D:\wamp\www\yii\framework\web\CController.php(265): SiteController->runActionWithFilters()
#17 D:\wamp\www\yii\framework\web\CWebApplication.php(282): SiteController->run()
#18 D:\wamp\www\yii\framework\web\CWebApplication.php(141): CWebApplication->runController()
#19 D:\wamp\www\yii\framework\base\CApplication.php(169): CWebApplication->processRequest()
#20 D:\wamp\www\hotels\index.php(13): CWebApplication->run()
REQUEST_URI=/hotels/
in D:\wamp\www\hotels\protected\components\views\SearchPanel.php (11)
in D:\wamp\www\hotels\protected\components\SearchPanel.php (11)
in D:\wamp\www\hotels\protected\views\layouts\home.php (35)
2013/06/20 11:17:21 [error] [exception.CException] exception 'CException' with message 'SearchPanel contains improperly nested widget tags in its view "D:\wamp\www\hotels\protected\components\views\SearchPanel.php". A CActiveForm widget does not have an endWidget() call.' in D:\wamp\www\yii\framework\web\CBaseController.php:101
Stack trace:
#0 D:\wamp\www\yii\framework\web\widgets\CWidget.php(243): CBaseController->renderFile('D:\wamp\www\hot...', Array, false)
#1 D:\wamp\www\hotels\protected\components\SearchPanel.php(12): CWidget->render('SearchPanel', Array)
#2 D:\wamp\www\yii\framework\zii\widgets\CPortlet.php(94): SearchPanel->renderContent()
#3 D:\wamp\www\yii\framework\web\CBaseController.php(173): CPortlet->run()
#4 D:\wamp\www\hotels\protected\views\layouts\home.php(35): CBaseController->widget('SearchPanel')
#5 D:\wamp\www\yii\framework\web\CBaseController.php(126): require('D:\wamp\www\hot...')
#6 D:\wamp\www\yii\framework\web\CBaseController.php(95): CBaseController->renderInternal('D:\wamp\www\hot...', Array, true)
#7 D:\wamp\www\yii\framework\web\CController.php(784): CBaseController->renderFile('D:\wamp\www\hot...', Array, true)
#8 D:\wamp\www\hotels\protected\controllers\SiteController.php(128): CController->render('hotels', Array)
#9 D:\wamp\www\yii\framework\web\actions\CInlineAction.php(49): SiteController->actionhotels()
#10 D:\wamp\www\yii\framework\web\CController.php(308): CInlineAction->runWithParams(Array)
#11 D:\wamp\www\yii\framework\web\CController.php(286): CController->runAction(Object(CInlineAction))
#12 D:\wamp\www\yii\framework\web\CController.php(265): CController->runActionWithFilters(Object(CInlineAction), Array)
#13 D:\wamp\www\yii\framework\web\CWebApplication.php(282): CController->run('')
#14 D:\wamp\www\yii\framework\web\CWebApplication.php(141): CWebApplication->runController('')
#15 D:\wamp\www\yii\framework\base\CApplication.php(169): CWebApplication->processRequest()
#16 D:\wamp\www\hotels\index.php(13): CApplication->run()
#17 {main}
REQUEST_URI=/hotels/
---
2013/06/20 11:24:21 [error] [exception.CException] exception 'CException' with message 'SearchPanel has an extra endWidget() call in its view.' in D:\wamp\www\yii\framework\web\CBaseController.php:210
Stack trace:
#0 D:\wamp\www\hotels\protected\components\views\SearchPanel.php(29): CBaseController->endWidget()
#1 D:\wamp\www\yii\framework\web\CBaseController.php(130): require('D:\wamp\www\hot...')
#2 D:\wamp\www\yii\framework\web\CBaseController.php(95): CBaseController->renderInternal('D:\wamp\www\hot...', Array, false)
#3 D:\wamp\www\yii\framework\web\widgets\CWidget.php(243): CBaseController->renderFile('D:\wamp\www\hot...', Array, false)
#4 D:\wamp\www\hotels\protected\components\SearchPanel.php(11): CWidget->render('SearchPanel', Array)
#5 D:\wamp\www\yii\framework\zii\widgets\CPortlet.php(94): SearchPanel->renderContent()
#6 D:\wamp\www\yii\framework\web\CBaseController.php(173): CPortlet->run()
#7 D:\wamp\www\hotels\protected\views\layouts\home.php(35): CBaseController->widget('SearchPanel')
#8 D:\wamp\www\yii\framework\web\CBaseController.php(126): require('D:\wamp\www\hot...')
#9 D:\wamp\www\yii\framework\web\CBaseController.php(95): CBaseController->renderInternal('D:\wamp\www\hot...', Array, true)
#10 D:\wamp\www\yii\framework\web\CController.php(784): CBaseController->renderFile('D:\wamp\www\hot...', Array, true)
#11 D:\wamp\www\hotels\protected\controllers\SiteController.php(128): CController->render('hotels', Array)
#12 D:\wamp\www\yii\framework\web\actions\CInlineAction.php(49): SiteController->actionhotels()
#13 D:\wamp\www\yii\framework\web\CController.php(308): CInlineAction->runWithParams(Array)
#14 D:\wamp\www\yii\framework\web\CController.php(286): CController->runAction(Object(CInlineAction))
#15 D:\wamp\www\yii\framework\web\CController.php(265): CController->runActionWithFilters(Object(CInlineAction), Array)
#16 D:\wamp\www\yii\framework\web\CWebApplication.php(282): CController->run('')
#17 D:\wamp\www\yii\framework\web\CWebApplication.php(141): CWebApplication->runController('')
#18 D:\wamp\www\yii\framework\base\CApplication.php(169): CWebApplication->processRequest()
#19 D:\wamp\www\hotels\index.php(13): CApplication->run()
#20 {main}
REQUEST_URI=/hotels/
---
2013/06/20 11:30:25 [error] [exception.CException] exception 'CException' with message 'CActiveForm and its behaviors do not have a method or closure named "t".' in D:\wamp\www\yii\framework\base\CComponent.php:265
Stack trace:
#0 D:\wamp\www\hotels\protected\components\views\SearchPanel.php(12): CComponent->__call('t', Array)
#1 D:\wamp\www\hotels\protected\components\views\SearchPanel.php(12): CActiveForm->t(Object(Categories), 'title')
#2 D:\wamp\www\yii\framework\web\CBaseController.php(130): require('D:\wamp\www\hot...')
#3 D:\wamp\www\yii\framework\web\CBaseController.php(95): CBaseController->renderInternal('D:\wamp\www\hot...', Array, false)
#4 D:\wamp\www\yii\framework\web\widgets\CWidget.php(243): CBaseController->renderFile('D:\wamp\www\hot...', Array, false)
#5 D:\wamp\www\hotels\protected\components\SearchPanel.php(11): CWidget->render('SearchPanel', Array)
#6 D:\wamp\www\yii\framework\zii\widgets\CPortlet.php(94): SearchPanel->renderContent()
#7 D:\wamp\www\yii\framework\web\CBaseController.php(173): CPortlet->run()
#8 D:\wamp\www\hotels\protected\views\layouts\home.php(35): CBaseController->widget('SearchPanel')
#9 D:\wamp\www\yii\framework\web\CBaseController.php(126): require('D:\wamp\www\hot...')
#10 D:\wamp\www\yii\framework\web\CBaseController.php(95): CBaseController->renderInternal('D:\wamp\www\hot...', Array, true)
#11 D:\wamp\www\yii\framework\web\CController.php(784): CBaseController->renderFile('D:\wamp\www\hot...', Array, true)
#12 D:\wamp\www\hotels\protected\controllers\SiteController.php(128): CController->render('hotels', Array)
#13 D:\wamp\www\yii\framework\web\actions\CInlineAction.php(49): SiteController->actionhotels()
#14 D:\wamp\www\yii\framework\web\CController.php(308): CInlineAction->runWithParams(Array)
#15 D:\wamp\www\yii\framework\web\CController.php(286): CController->runAction(Object(CInlineAction))
#16 D:\wamp\www\yii\framework\web\CController.php(265): CController->runActionWithFilters(Object(CInlineAction), Array)
#17 D:\wamp\www\yii\framework\web\CWebApplication.php(282): CController->run('')
#18 D:\wamp\www\yii\framework\web\CWebApplication.php(141): CWebApplication->runController('')
#19 D:\wamp\www\yii\framework\base\CApplication.php(169): CWebApplication->processRequest()
#20 D:\wamp\www\hotels\index.php(13): CApplication->run()
#21 {main}
REQUEST_URI=/hotels/
---
2013/06/20 11:30:32 [error] [exception.CException] exception 'CException' with message 'CActiveForm and its behaviors do not have a method or closure named "_t".' in D:\wamp\www\yii\framework\base\CComponent.php:265
Stack trace:
#0 D:\wamp\www\hotels\protected\components\views\SearchPanel.php(12): CComponent->__call('_t', Array)
#1 D:\wamp\www\hotels\protected\components\views\SearchPanel.php(12): CActiveForm->_t(Object(Categories), 'title')
#2 D:\wamp\www\yii\framework\web\CBaseController.php(130): require('D:\wamp\www\hot...')
#3 D:\wamp\www\yii\framework\web\CBaseController.php(95): CBaseController->renderInternal('D:\wamp\www\hot...', Array, false)
#4 D:\wamp\www\yii\framework\web\widgets\CWidget.php(243): CBaseController->renderFile('D:\wamp\www\hot...', Array, false)
#5 D:\wamp\www\hotels\protected\components\SearchPanel.php(11): CWidget->render('SearchPanel', Array)
#6 D:\wamp\www\yii\framework\zii\widgets\CPortlet.php(94): SearchPanel->renderContent()
#7 D:\wamp\www\yii\framework\web\CBaseController.php(173): CPortlet->run()
#8 D:\wamp\www\hotels\protected\views\layouts\home.php(35): CBaseController->widget('SearchPanel')
#9 D:\wamp\www\yii\framework\web\CBaseController.php(126): require('D:\wamp\www\hot...')
#10 D:\wamp\www\yii\framework\web\CBaseController.php(95): CBaseController->renderInternal('D:\wamp\www\hot...', Array, true)
#11 D:\wamp\www\yii\framework\web\CController.php(784): CBaseController->renderFile('D:\wamp\www\hot...', Array, true)
#12 D:\wamp\www\hotels\protected\controllers\SiteController.php(128): CController->render('hotels', Array)
#13 D:\wamp\www\yii\framework\web\actions\CInlineAction.php(49): SiteController->actionhotels()
#14 D:\wamp\www\yii\framework\web\CController.php(308): CInlineAction->runWithParams(Array)
#15 D:\wamp\www\yii\framework\web\CController.php(286): CController->runAction(Object(CInlineAction))
#16 D:\wamp\www\yii\framework\web\CController.php(265): CController->runActionWithFilters(Object(CInlineAction), Array)
#17 D:\wamp\www\yii\framework\web\CWebApplication.php(282): CController->run('')
#18 D:\wamp\www\yii\framework\web\CWebApplication.php(141): CWebApplication->runController('')
#19 D:\wamp\www\yii\framework\base\CApplication.php(169): CWebApplication->processRequest()
#20 D:\wamp\www\hotels\index.php(13): CApplication->run()
#21 {main}
REQUEST_URI=/hotels/
---
2013/06/20 11:45:53 [error] [exception.CException] exception 'CException' with message 'Property "CDbCriteria.criteria" is not defined.' in D:\wamp\www\yii\framework\base\CComponent.php:173
Stack trace:
#0 D:\wamp\www\yii\framework\db\schema\CDbCriteria.php(160): CComponent->__set('criteria', Object(CDbCriteria))
#1 D:\wamp\www\yii\framework\db\schema\CDbCommandBuilder.php(483): CDbCriteria->__construct(Array)
#2 D:\wamp\www\yii\framework\db\ar\CActiveRecord.php(1415): CDbCommandBuilder->createCriteria(Array, Array)
#3 D:\wamp\www\hotels\protected\components\SearchPanel.php(12): CActiveRecord->findAll(Array)
#4 D:\wamp\www\yii\framework\zii\widgets\CPortlet.php(94): SearchPanel->renderContent()
#5 D:\wamp\www\yii\framework\web\CBaseController.php(173): CPortlet->run()
#6 D:\wamp\www\hotels\protected\views\layouts\home.php(35): CBaseController->widget('SearchPanel')
#7 D:\wamp\www\yii\framework\web\CBaseController.php(126): require('D:\wamp\www\hot...')
#8 D:\wamp\www\yii\framework\web\CBaseController.php(95): CBaseController->renderInternal('D:\wamp\www\hot...', Array, true)
#9 D:\wamp\www\yii\framework\web\CController.php(784): CBaseController->renderFile('D:\wamp\www\hot...', Array, true)
#10 D:\wamp\www\hotels\protected\controllers\SiteController.php(128): CController->render('hotels', Array)
#11 D:\wamp\www\yii\framework\web\actions\CInlineAction.php(49): SiteController->actionhotels()
#12 D:\wamp\www\yii\framework\web\CController.php(308): CInlineAction->runWithParams(Array)
#13 D:\wamp\www\yii\framework\web\CController.php(286): CController->runAction(Object(CInlineAction))
#14 D:\wamp\www\yii\framework\web\CController.php(265): CController->runActionWithFilters(Object(CInlineAction), Array)
#15 D:\wamp\www\yii\framework\web\CWebApplication.php(282): CController->run('')
#16 D:\wamp\www\yii\framework\web\CWebApplication.php(141): CWebApplication->runController('')
#17 D:\wamp\www\yii\framework\base\CApplication.php(169): CWebApplication->processRequest()
#18 D:\wamp\www\hotels\index.php(13): CApplication->run()
#19 {main}
REQUEST_URI=/hotels/
---
2013/06/20 11:46:45 [error] [system.db.CDbCommand] CDbCommand::fetchAll() failed: SQLSTATE[42000]: Syntax error or access violation: 1064 You have an error in your SQL syntax; check the manual that corresponds to your MySQL server version for the right syntax to use near 'LIMIT = 4' at line 1. The SQL statement executed was: SELECT * FROM `ld_categories` `t` WHERE LIMIT = 4.
in D:\wamp\www\hotels\protected\components\SearchPanel.php (12)
in D:\wamp\www\hotels\protected\views\layouts\home.php (35)
in D:\wamp\www\hotels\protected\controllers\SiteController.php (128)
2013/06/20 11:46:45 [error] [exception.CDbException] exception 'CDbException' with message 'CDbCommand failed to execute the SQL statement: SQLSTATE[42000]: Syntax error or access violation: 1064 You have an error in your SQL syntax; check the manual that corresponds to your MySQL server version for the right syntax to use near 'LIMIT = 4' at line 1. The SQL statement executed was: SELECT * FROM `ld_categories` `t` WHERE LIMIT = 4' in D:\wamp\www\yii\framework\db\CDbCommand.php:541
Stack trace:
#0 D:\wamp\www\yii\framework\db\CDbCommand.php(395): CDbCommand->queryInternal('fetchAll', Array, Array)
#1 D:\wamp\www\yii\framework\db\ar\CActiveRecord.php(1297): CDbCommand->queryAll()
#2 D:\wamp\www\yii\framework\db\ar\CActiveRecord.php(1416): CActiveRecord->query(Object(CDbCriteria), true)
#3 D:\wamp\www\hotels\protected\components\SearchPanel.php(12): CActiveRecord->findAll(Object(CDbCriteria))
#4 D:\wamp\www\yii\framework\zii\widgets\CPortlet.php(94): SearchPanel->renderContent()
#5 D:\wamp\www\yii\framework\web\CBaseController.php(173): CPortlet->run()
#6 D:\wamp\www\hotels\protected\views\layouts\home.php(35): CBaseController->widget('SearchPanel')
#7 D:\wamp\www\yii\framework\web\CBaseController.php(126): require('D:\wamp\www\hot...')
#8 D:\wamp\www\yii\framework\web\CBaseController.php(95): CBaseController->renderInternal('D:\wamp\www\hot...', Array, true)
#9 D:\wamp\www\yii\framework\web\CController.php(784): CBaseController->renderFile('D:\wamp\www\hot...', Array, true)
#10 D:\wamp\www\hotels\protected\controllers\SiteController.php(128): CController->render('hotels', Array)
#11 D:\wamp\www\yii\framework\web\actions\CInlineAction.php(49): SiteController->actionhotels()
#12 D:\wamp\www\yii\framework\web\CController.php(308): CInlineAction->runWithParams(Array)
#13 D:\wamp\www\yii\framework\web\CController.php(286): CController->runAction(Object(CInlineAction))
#14 D:\wamp\www\yii\framework\web\CController.php(265): CController->runActionWithFilters(Object(CInlineAction), Array)
#15 D:\wamp\www\yii\framework\web\CWebApplication.php(282): CController->run('')
#16 D:\wamp\www\yii\framework\web\CWebApplication.php(141): CWebApplication->runController('')
#17 D:\wamp\www\yii\framework\base\CApplication.php(169): CWebApplication->processRequest()
#18 D:\wamp\www\hotels\index.php(13): CApplication->run()
#19 {main}
REQUEST_URI=/hotels/
---
2013/06/20 11:59:39 [error] [php] Undefined variable: filters (D:\wamp\www\hotels\protected\components\SearchPanel.php:16)
Stack trace:
#0 D:\wamp\www\hotels\protected\views\layouts\home.php(35): SiteController->widget()
#1 D:\wamp\www\yii\framework\web\CBaseController.php(126): require()
#2 D:\wamp\www\yii\framework\web\CBaseController.php(95): SiteController->renderInternal()
#3 D:\wamp\www\yii\framework\web\CController.php(784): SiteController->renderFile()
#4 D:\wamp\www\hotels\protected\controllers\SiteController.php(128): SiteController->render()
#5 D:\wamp\www\yii\framework\web\actions\CInlineAction.php(49): SiteController->actionhotels()
#6 D:\wamp\www\yii\framework\web\CController.php(308): CInlineAction->runWithParams()
#7 D:\wamp\www\yii\framework\web\CController.php(286): SiteController->runAction()
#8 D:\wamp\www\yii\framework\web\CController.php(265): SiteController->runActionWithFilters()
#9 D:\wamp\www\yii\framework\web\CWebApplication.php(282): SiteController->run()
#10 D:\wamp\www\yii\framework\web\CWebApplication.php(141): CWebApplication->runController()
#11 D:\wamp\www\yii\framework\base\CApplication.php(169): CWebApplication->processRequest()
#12 D:\wamp\www\hotels\index.php(13): CWebApplication->run()
REQUEST_URI=/hotels/
in D:\wamp\www\hotels\protected\components\SearchPanel.php (16)
in D:\wamp\www\hotels\protected\views\layouts\home.php (35)
in D:\wamp\www\hotels\protected\controllers\SiteController.php (128)
2013/06/20 12:03:29 [error] [php] Trying to get property of non-object (D:\wamp\www\hotels\protected\components\views\SearchPanel.php:14)
Stack trace:
#0 D:\wamp\www\yii\framework\web\widgets\CWidget.php(243): SearchPanel->renderFile()
#1 D:\wamp\www\hotels\protected\components\SearchPanel.php(16): SearchPanel->render()
#2 D:\wamp\www\yii\framework\zii\widgets\CPortlet.php(94): SearchPanel->renderContent()
#3 D:\wamp\www\yii\framework\web\CBaseController.php(173): SearchPanel->run()
#4 D:\wamp\www\hotels\protected\views\layouts\home.php(35): SiteController->widget()
#5 D:\wamp\www\yii\framework\web\CBaseController.php(126): require()
#6 D:\wamp\www\yii\framework\web\CBaseController.php(95): SiteController->renderInternal()
#7 D:\wamp\www\yii\framework\web\CController.php(784): SiteController->renderFile()
#8 D:\wamp\www\hotels\protected\controllers\SiteController.php(128): SiteController->render()
#9 D:\wamp\www\yii\framework\web\actions\CInlineAction.php(49): SiteController->actionhotels()
#10 D:\wamp\www\yii\framework\web\CController.php(308): CInlineAction->runWithParams()
#11 D:\wamp\www\yii\framework\web\CController.php(286): SiteController->runAction()
#12 D:\wamp\www\yii\framework\web\CController.php(265): SiteController->runActionWithFilters()
#13 D:\wamp\www\yii\framework\web\CWebApplication.php(282): SiteController->run()
#14 D:\wamp\www\yii\framework\web\CWebApplication.php(141): CWebApplication->runController()
#15 D:\wamp\www\yii\framework\base\CApplication.php(169): CWebApplication->processRequest()
#16 D:\wamp\www\hotels\index.php(13): CWebApplication->run()
REQUEST_URI=/hotels/
in D:\wamp\www\hotels\protected\components\views\SearchPanel.php (14)
in D:\wamp\www\hotels\protected\components\SearchPanel.php (16)
in D:\wamp\www\hotels\protected\views\layouts\home.php (35)
2013/06/20 12:04:20 [error] [php] Undefined index: title (D:\wamp\www\hotels\protected\components\views\SearchPanel.php:14)
Stack trace:
#0 D:\wamp\www\yii\framework\web\widgets\CWidget.php(243): SearchPanel->renderFile()
#1 D:\wamp\www\hotels\protected\components\SearchPanel.php(16): SearchPanel->render()
#2 D:\wamp\www\yii\framework\zii\widgets\CPortlet.php(94): SearchPanel->renderContent()
#3 D:\wamp\www\yii\framework\web\CBaseController.php(173): SearchPanel->run()
#4 D:\wamp\www\hotels\protected\views\layouts\home.php(35): SiteController->widget()
#5 D:\wamp\www\yii\framework\web\CBaseController.php(126): require()
#6 D:\wamp\www\yii\framework\web\CBaseController.php(95): SiteController->renderInternal()
#7 D:\wamp\www\yii\framework\web\CController.php(784): SiteController->renderFile()
#8 D:\wamp\www\hotels\protected\controllers\SiteController.php(128): SiteController->render()
#9 D:\wamp\www\yii\framework\web\actions\CInlineAction.php(49): SiteController->actionhotels()
#10 D:\wamp\www\yii\framework\web\CController.php(308): CInlineAction->runWithParams()
#11 D:\wamp\www\yii\framework\web\CController.php(286): SiteController->runAction()
#12 D:\wamp\www\yii\framework\web\CController.php(265): SiteController->runActionWithFilters()
#13 D:\wamp\www\yii\framework\web\CWebApplication.php(282): SiteController->run()
#14 D:\wamp\www\yii\framework\web\CWebApplication.php(141): CWebApplication->runController()
#15 D:\wamp\www\yii\framework\base\CApplication.php(169): CWebApplication->processRequest()
#16 D:\wamp\www\hotels\index.php(13): CWebApplication->run()
REQUEST_URI=/hotels/
in D:\wamp\www\hotels\protected\components\views\SearchPanel.php (14)
in D:\wamp\www\hotels\protected\components\SearchPanel.php (16)
in D:\wamp\www\hotels\protected\views\layouts\home.php (35)
2013/06/20 12:43:38 [error] [php] Object of class Filters could not be converted to string (D:\wamp\www\yii\framework\web\helpers\CHtml.php:1918)
Stack trace:
#0 D:\wamp\www\yii\framework\web\helpers\CHtml.php(740): inputField()
#1 D:\wamp\www\hotels\protected\components\views\SearchPanel.php(19): checkBox()
#2 D:\wamp\www\yii\framework\web\CBaseController.php(130): require()
#3 D:\wamp\www\yii\framework\web\CBaseController.php(95): SearchPanel->renderInternal()
#4 D:\wamp\www\yii\framework\web\widgets\CWidget.php(243): SearchPanel->renderFile()
#5 D:\wamp\www\hotels\protected\components\SearchPanel.php(16): SearchPanel->render()
#6 D:\wamp\www\yii\framework\zii\widgets\CPortlet.php(94): SearchPanel->renderContent()
#7 D:\wamp\www\yii\framework\web\CBaseController.php(173): SearchPanel->run()
#8 D:\wamp\www\hotels\protected\views\layouts\home.php(35): SiteController->widget()
#9 D:\wamp\www\yii\framework\web\CBaseController.php(126): require()
#10 D:\wamp\www\yii\framework\web\CBaseController.php(95): SiteController->renderInternal()
#11 D:\wamp\www\yii\framework\web\CController.php(784): SiteController->renderFile()
#12 D:\wamp\www\hotels\protected\controllers\SiteController.php(128): SiteController->render()
#13 D:\wamp\www\yii\framework\web\actions\CInlineAction.php(49): SiteController->actionhotels()
#14 D:\wamp\www\yii\framework\web\CController.php(308): CInlineAction->runWithParams()
#15 D:\wamp\www\yii\framework\web\CController.php(286): SiteController->runAction()
#16 D:\wamp\www\yii\framework\web\CController.php(265): SiteController->runActionWithFilters()
#17 D:\wamp\www\yii\framework\web\CWebApplication.php(282): SiteController->run()
#18 D:\wamp\www\yii\framework\web\CWebApplication.php(141): CWebApplication->runController()
#19 D:\wamp\www\yii\framework\base\CApplication.php(169): CWebApplication->processRequest()
#20 D:\wamp\www\hotels\index.php(13): CWebApplication->run()
REQUEST_URI=/hotels/
in D:\wamp\www\hotels\protected\components\views\SearchPanel.php (19)
in D:\wamp\www\hotels\protected\components\SearchPanel.php (16)
in D:\wamp\www\hotels\protected\views\layouts\home.php (35)
